<?xml version="1.0" encoding="UTF-8"?>
<coverage generated="1644018942780" clover="3.2.0">
  <project timestamp="1644018942781" name="All files">
    <metrics statements="17" coveredstatements="17" conditionals="10" coveredconditionals="10" methods="6" coveredmethods="6" elements="33" coveredelements="33" complexity="0" loc="17" ncloc="17" packages="1" files="1" classes="1"/>
    <file name="planet-year.js" path="/Users/JoshTillinghast/Desktop/super-galactic-age-calculator/src/planet-year.js">
      <metrics statements="17" coveredstatements="17" conditionals="10" coveredconditionals="10" methods="6" coveredmethods="6"/>
      <line num="5" count="11" type="stmt"/>
      <line num="8" count="1" type="stmt"/>
      <line num="11" count="1" type="stmt"/>
      <line num="14" count="1" type="stmt"/>
      <line num="17" count="1" type="stmt"/>
      <line num="21" count="6" type="cond" truecount="2" falsecount="0"/>
      <line num="22" count="1" type="stmt"/>
      <line num="26" count="5" type="cond" truecount="2" falsecount="0"/>
      <line num="27" count="1" type="stmt"/>
      <line num="29" count="4" type="cond" truecount="2" falsecount="0"/>
      <line num="30" count="1" type="stmt"/>
      <line num="32" count="3" type="cond" truecount="2" falsecount="0"/>
      <line num="33" count="1" type="stmt"/>
      <line num="35" count="2" type="cond" truecount="2" falsecount="0"/>
      <line num="36" count="1" type="stmt"/>
      <line num="39" count="1" type="stmt"/>
      <line num="41" count="5" type="stmt"/>
    </file>
  </project>
</coverage>
