{"/Users/JoshTillinghast/Desktop/super-galactic-age-calculator/src/planet-year.js": {"path":"/Users/JoshTillinghast/Desktop/super-galactic-age-calculator/src/planet-year.js","statementMap":{"0":{"start":{"line":3,"column":4},"end":{"line":3,"column":29}},"1":{"start":{"line":6,"column":4},"end":{"line":6,"column":31}},"2":{"start":{"line":9,"column":4},"end":{"line":9,"column":31}},"3":{"start":{"line":12,"column":4},"end":{"line":12,"column":32}},"4":{"start":{"line":15,"column":4},"end":{"line":15,"column":33}},"5":{"start":{"line":19,"column":4},"end":{"line":39,"column":5}},"6":{"start":{"line":20,"column":6},"end":{"line":20,"column":44}},"7":{"start":{"line":23,"column":6},"end":{"line":37,"column":7}},"8":{"start":{"line":24,"column":8},"end":{"line":24,"column":48}},"9":{"start":{"line":26,"column":11},"end":{"line":37,"column":7}},"10":{"start":{"line":27,"column":8},"end":{"line":27,"column":48}},"11":{"start":{"line":29,"column":11},"end":{"line":37,"column":7}},"12":{"start":{"line":30,"column":8},"end":{"line":30,"column":49}},"13":{"start":{"line":32,"column":11},"end":{"line":37,"column":7}},"14":{"start":{"line":33,"column":8},"end":{"line":33,"column":50}},"15":{"start":{"line":36,"column":8},"end":{"line":36,"column":40}},"16":{"start":{"line":38,"column":6},"end":{"line":38,"column":22}}},"fnMap":{"0":{"name":"(anonymous_0)","decl":{"start":{"line":2,"column":2},"end":{"line":2,"column":3}},"loc":{"start":{"line":2,"column":24},"end":{"line":4,"column":3}},"line":2},"1":{"name":"(anonymous_1)","decl":{"start":{"line":5,"column":2},"end":{"line":5,"column":3}},"loc":{"start":{"line":5,"column":18},"end":{"line":7,"column":3}},"line":5},"2":{"name":"(anonymous_2)","decl":{"start":{"line":8,"column":2},"end":{"line":8,"column":3}},"loc":{"start":{"line":8,"column":16},"end":{"line":10,"column":3}},"line":8},"3":{"name":"(anonymous_3)","decl":{"start":{"line":11,"column":2},"end":{"line":11,"column":3}},"loc":{"start":{"line":11,"column":15},"end":{"line":13,"column":3}},"line":11},"4":{"name":"(anonymous_4)","decl":{"start":{"line":14,"column":2},"end":{"line":14,"column":3}},"loc":{"start":{"line":14,"column":18},"end":{"line":16,"column":3}},"line":14},"5":{"name":"(anonymous_5)","decl":{"start":{"line":17,"column":2},"end":{"line":17,"column":3}},"loc":{"start":{"line":17,"column":20},"end":{"line":40,"column":3}},"line":17}},"branchMap":{"0":{"loc":{"start":{"line":19,"column":4},"end":{"line":39,"column":5}},"type":"if","locations":[{"start":{"line":19,"column":4},"end":{"line":39,"column":5}},{"start":{"line":19,"column":4},"end":{"line":39,"column":5}}],"line":19},"1":{"loc":{"start":{"line":23,"column":6},"end":{"line":37,"column":7}},"type":"if","locations":[{"start":{"line":23,"column":6},"end":{"line":37,"column":7}},{"start":{"line":23,"column":6},"end":{"line":37,"column":7}}],"line":23},"2":{"loc":{"start":{"line":26,"column":11},"end":{"line":37,"column":7}},"type":"if","locations":[{"start":{"line":26,"column":11},"end":{"line":37,"column":7}},{"start":{"line":26,"column":11},"end":{"line":37,"column":7}}],"line":26},"3":{"loc":{"start":{"line":29,"column":11},"end":{"line":37,"column":7}},"type":"if","locations":[{"start":{"line":29,"column":11},"end":{"line":37,"column":7}},{"start":{"line":29,"column":11},"end":{"line":37,"column":7}}],"line":29},"4":{"loc":{"start":{"line":32,"column":11},"end":{"line":37,"column":7}},"type":"if","locations":[{"start":{"line":32,"column":11},"end":{"line":37,"column":7}},{"start":{"line":32,"column":11},"end":{"line":37,"column":7}}],"line":32}},"s":{"0":11,"1":1,"2":1,"3":1,"4":1,"5":6,"6":1,"7":5,"8":1,"9":4,"10":1,"11":3,"12":1,"13":2,"14":1,"15":1,"16":5},"f":{"0":11,"1":1,"2":1,"3":1,"4":1,"5":6},"b":{"0":[1,5],"1":[1,4],"2":[1,3],"3":[1,2],"4":[1,1]},"_coverageSchema":"43e27e138ebf9cfc5966b082cf9a028302ed4184","hash":"88966a37b9cb178a33edaeafbdf02dacc89665cd"}
}
