{"/Users/JoshTillinghast/Desktop/super-galactic-age-calculator/src/planet-year.js": {"path":"/Users/JoshTillinghast/Desktop/super-galactic-age-calculator/src/planet-year.js","statementMap":{"0":{"start":{"line":3,"column":4},"end":{"line":3,"column":29}},"1":{"start":{"line":6,"column":4},"end":{"line":6,"column":31}},"2":{"start":{"line":9,"column":4},"end":{"line":9,"column":31}},"3":{"start":{"line":12,"column":4},"end":{"line":12,"column":32}},"4":{"start":{"line":15,"column":4},"end":{"line":15,"column":33}},"5":{"start":{"line":18,"column":19},"end":{"line":18,"column":20}},"6":{"start":{"line":19,"column":23},"end":{"line":19,"column":25}},"7":{"start":{"line":20,"column":4},"end":{"line":35,"column":5}},"8":{"start":{"line":21,"column":6},"end":{"line":21,"column":46}},"9":{"start":{"line":22,"column":6},"end":{"line":22,"column":34}},"10":{"start":{"line":23,"column":11},"end":{"line":35,"column":5}},"11":{"start":{"line":24,"column":6},"end":{"line":24,"column":46}},"12":{"start":{"line":25,"column":6},"end":{"line":25,"column":34}},"13":{"start":{"line":26,"column":11},"end":{"line":35,"column":5}},"14":{"start":{"line":27,"column":6},"end":{"line":27,"column":47}},"15":{"start":{"line":28,"column":6},"end":{"line":28,"column":34}},"16":{"start":{"line":29,"column":11},"end":{"line":35,"column":5}},"17":{"start":{"line":30,"column":6},"end":{"line":30,"column":48}},"18":{"start":{"line":31,"column":6},"end":{"line":31,"column":34}},"19":{"start":{"line":33,"column":6},"end":{"line":33,"column":33}},"20":{"start":{"line":34,"column":6},"end":{"line":34,"column":34}},"21":{"start":{"line":36,"column":4},"end":{"line":39,"column":5}},"22":{"start":{"line":37,"column":24},"end":{"line":37,"column":44}},"23":{"start":{"line":38,"column":6},"end":{"line":38,"column":35}},"24":{"start":{"line":40,"column":4},"end":{"line":40,"column":41}}},"fnMap":{"0":{"name":"(anonymous_0)","decl":{"start":{"line":2,"column":2},"end":{"line":2,"column":3}},"loc":{"start":{"line":2,"column":24},"end":{"line":4,"column":3}},"line":2},"1":{"name":"(anonymous_1)","decl":{"start":{"line":5,"column":2},"end":{"line":5,"column":3}},"loc":{"start":{"line":5,"column":18},"end":{"line":7,"column":3}},"line":5},"2":{"name":"(anonymous_2)","decl":{"start":{"line":8,"column":2},"end":{"line":8,"column":3}},"loc":{"start":{"line":8,"column":16},"end":{"line":10,"column":3}},"line":8},"3":{"name":"(anonymous_3)","decl":{"start":{"line":11,"column":2},"end":{"line":11,"column":3}},"loc":{"start":{"line":11,"column":15},"end":{"line":13,"column":3}},"line":11},"4":{"name":"(anonymous_4)","decl":{"start":{"line":14,"column":2},"end":{"line":14,"column":3}},"loc":{"start":{"line":14,"column":18},"end":{"line":16,"column":3}},"line":14},"5":{"name":"(anonymous_5)","decl":{"start":{"line":17,"column":2},"end":{"line":17,"column":3}},"loc":{"start":{"line":17,"column":20},"end":{"line":41,"column":3}},"line":17}},"branchMap":{"0":{"loc":{"start":{"line":20,"column":4},"end":{"line":35,"column":5}},"type":"if","locations":[{"start":{"line":20,"column":4},"end":{"line":35,"column":5}},{"start":{"line":20,"column":4},"end":{"line":35,"column":5}}],"line":20},"1":{"loc":{"start":{"line":23,"column":11},"end":{"line":35,"column":5}},"type":"if","locations":[{"start":{"line":23,"column":11},"end":{"line":35,"column":5}},{"start":{"line":23,"column":11},"end":{"line":35,"column":5}}],"line":23},"2":{"loc":{"start":{"line":26,"column":11},"end":{"line":35,"column":5}},"type":"if","locations":[{"start":{"line":26,"column":11},"end":{"line":35,"column":5}},{"start":{"line":26,"column":11},"end":{"line":35,"column":5}}],"line":26},"3":{"loc":{"start":{"line":29,"column":11},"end":{"line":35,"column":5}},"type":"if","locations":[{"start":{"line":29,"column":11},"end":{"line":35,"column":5}},{"start":{"line":29,"column":11},"end":{"line":35,"column":5}}],"line":29},"4":{"loc":{"start":{"line":36,"column":4},"end":{"line":39,"column":5}},"type":"if","locations":[{"start":{"line":36,"column":4},"end":{"line":39,"column":5}},{"start":{"line":36,"column":4},"end":{"line":39,"column":5}}],"line":36}},"s":{"0":11,"1":1,"2":1,"3":1,"4":1,"5":6,"6":6,"7":6,"8":1,"9":1,"10":5,"11":1,"12":1,"13":4,"14":1,"15":1,"16":3,"17":1,"18":1,"19":2,"20":2,"21":6,"22":1,"23":1,"24":6},"f":{"0":11,"1":1,"2":1,"3":1,"4":1,"5":6},"b":{"0":[1,5],"1":[1,4],"2":[1,3],"3":[1,2],"4":[1,5]},"_coverageSchema":"43e27e138ebf9cfc5966b082cf9a028302ed4184","hash":"60c3aa4363bdf81cfe4f0ce599d60fbf0c87bc5a"}
}
