TN:
SF:/Users/JoshTillinghast/Desktop/super-galactic-age-calculator/src/planet-year.js
FN:4,(anonymous_0)
FN:7,(anonymous_1)
FN:10,(anonymous_2)
FN:13,(anonymous_3)
FN:16,(anonymous_4)
FN:19,(anonymous_5)
FNF:6
FNH:6
FNDA:11,(anonymous_0)
FNDA:1,(anonymous_1)
FNDA:1,(anonymous_2)
FNDA:1,(anonymous_3)
FNDA:1,(anonymous_4)
FNDA:6,(anonymous_5)
DA:5,11
DA:8,1
DA:11,1
DA:14,1
DA:17,1
DA:21,6
DA:22,1
DA:26,5
DA:27,1
DA:29,4
DA:30,1
DA:32,3
DA:33,1
DA:35,2
DA:36,1
DA:39,1
DA:41,5
LF:17
LH:17
BRDA:21,0,0,1
BRDA:21,0,1,5
BRDA:26,1,0,1
BRDA:26,1,1,4
BRDA:29,2,0,1
BRDA:29,2,1,3
BRDA:32,3,0,1
BRDA:32,3,1,2
BRDA:35,4,0,1
BRDA:35,4,1,1
BRF:10
BRH:10
end_of_record
