TN:
SF:/Users/JoshTillinghast/Desktop/super-galactic-age-calculator/src/planet-year.js
FN:2,(anonymous_0)
FN:5,(anonymous_1)
FN:8,(anonymous_2)
FN:11,(anonymous_3)
FN:14,(anonymous_4)
FN:17,(anonymous_5)
FNF:6
FNH:6
FNDA:11,(anonymous_0)
FNDA:1,(anonymous_1)
FNDA:1,(anonymous_2)
FNDA:1,(anonymous_3)
FNDA:1,(anonymous_4)
FNDA:6,(anonymous_5)
DA:3,11
DA:6,1
DA:9,1
DA:12,1
DA:15,1
DA:19,6
DA:20,1
DA:23,5
DA:24,1
DA:26,4
DA:27,1
DA:29,3
DA:30,1
DA:32,2
DA:33,1
DA:36,1
DA:38,5
LF:17
LH:17
BRDA:19,0,0,1
BRDA:19,0,1,5
BRDA:23,1,0,1
BRDA:23,1,1,4
BRDA:26,2,0,1
BRDA:26,2,1,3
BRDA:29,3,0,1
BRDA:29,3,1,2
BRDA:32,4,0,1
BRDA:32,4,1,1
BRF:10
BRH:10
end_of_record
